\BOOKMARK [0][-]{chapter*.2}{\376\377\000\315\000n\000d\000i\000c\000e\000\040\000g\000e\000n\000e\000r\000a\000l}{}% 1
\BOOKMARK [0][-]{chapter.1}{\376\377\000T\000e\000l\000e\000s\000c\000o\000p\000i\000o\000s\000\040\000G\000e\000n\000e\000r\000a\000l\000i\000d\000a\000d\000e\000s}{}% 2
\BOOKMARK [1][-]{section.1.1}{\376\377\000I\000n\000t\000r\000o\000d\000u\000c\000c\000i\000\363\000n}{chapter.1}% 3
\BOOKMARK [1][-]{section.1.2}{\376\377\000P\000r\000i\000n\000c\000i\000p\000i\000o\000s\000\040\000\323\000p\000t\000i\000c\000o\000s\000\040\000F\000u\000n\000d\000a\000m\000e\000n\000t\000a\000l\000e\000s}{chapter.1}% 4
\BOOKMARK [1][-]{section.1.3}{\376\377\000R\000e\000f\000l\000e\000x\000i\000\363\000n\000\040\000y\000\040\000R\000e\000f\000r\000a\000c\000c\000i\000\363\000n}{chapter.1}% 5
\BOOKMARK [2][-]{subsection.1.3.1}{\376\377\000M\000e\000c\000a\000n\000i\000s\000m\000o\000s\000\040\000f\000\355\000s\000i\000c\000o\000s\000\040\000d\000e\000\040\000l\000a\000\040\000r\000e\000f\000l\000e\000x\000i\000\363\000n\000\040\000y\000\040\000l\000a\000\040\000r\000e\000f\000r\000a\000c\000c\000i\000\363\000n}{section.1.3}% 6
\BOOKMARK [2][-]{subsection.1.3.2}{\376\377\000R\000e\000f\000l\000e\000x\000i\000\363\000n\000\040\000y\000\040\000E\000s\000p\000e\000j\000o\000s}{section.1.3}% 7
\BOOKMARK [2][-]{subsection.1.3.3}{\376\377\000R\000e\000f\000r\000a\000c\000c\000i\000\363\000n\000\040\000y\000\040\000L\000e\000n\000t\000e\000s}{section.1.3}% 8
\BOOKMARK [1][-]{section.1.4}{\376\377\000T\000i\000p\000o\000s\000\040\000d\000e\000\040\000T\000e\000l\000e\000s\000c\000o\000p\000i\000o\000s}{chapter.1}% 9
\BOOKMARK [2][-]{subsection.1.4.1}{\376\377\000T\000e\000l\000e\000s\000c\000o\000p\000i\000o\000s\000\040\000R\000e\000f\000r\000a\000c\000t\000o\000r\000e\000s}{section.1.4}% 10
\BOOKMARK [2][-]{subsection.1.4.2}{\376\377\000T\000e\000l\000e\000s\000c\000o\000p\000i\000o\000s\000\040\000R\000e\000f\000l\000e\000c\000t\000o\000r\000e\000s}{section.1.4}% 11
\BOOKMARK [2][-]{subsection.1.4.3}{\376\377\000T\000e\000l\000e\000s\000c\000o\000p\000i\000o\000s\000\040\000C\000a\000t\000a\000d\000i\000\363\000p\000t\000r\000i\000c\000o\000s}{section.1.4}% 12
\BOOKMARK [1][-]{section.1.5}{\376\377\000P\000a\000r\000\341\000m\000e\000t\000r\000o\000s\000\040\000C\000l\000a\000v\000e\000\040\000d\000e\000\040\000u\000n\000\040\000T\000e\000l\000e\000s\000c\000o\000p\000i\000o}{chapter.1}% 13
\BOOKMARK [1][-]{section.1.6}{\376\377\000A\000c\000c\000e\000s\000o\000r\000i\000o\000s\000\040\000\323\000p\000t\000i\000c\000o\000s\000:\000\040\000O\000c\000u\000l\000a\000r\000e\000s\000\040\000y\000\040\000L\000e\000n\000t\000e\000s\000\040\000d\000e\000\040\000B\000a\000r\000l\000o\000w}{chapter.1}% 14
\BOOKMARK [2][-]{subsection.1.6.1}{\376\377\000A\000p\000e\000r\000t\000u\000r\000a}{section.1.6}% 15
\BOOKMARK [2][-]{subsection.1.6.2}{\376\377\000D\000i\000s\000t\000a\000n\000c\000i\000a\000\040\000F\000o\000c\000a\000l}{section.1.6}% 16
\BOOKMARK [2][-]{subsection.1.6.3}{\376\377\000R\000e\000l\000a\000c\000i\000\363\000n\000\040\000F\000o\000c\000a\000l\000\040\000\050\000n\000\372\000m\000e\000r\000o\000\040\000f\000\051}{section.1.6}% 17
\BOOKMARK [2][-]{subsection.1.6.4}{\376\377\000A\000u\000m\000e\000n\000t\000o}{section.1.6}% 18
\BOOKMARK [2][-]{subsection.1.6.5}{\376\377\000R\000e\000s\000o\000l\000u\000c\000i\000\363\000n\000\040\000A\000n\000g\000u\000l\000a\000r}{section.1.6}% 19
\BOOKMARK [2][-]{subsection.1.6.6}{\376\377\000C\000a\000m\000p\000o\000\040\000V\000i\000s\000u\000a\000l}{section.1.6}% 20
\BOOKMARK [2][-]{subsection.1.6.7}{\376\377\000M\000a\000g\000n\000i\000t\000u\000d\000\040\000L\000\355\000m\000i\000t\000e}{section.1.6}% 21
\BOOKMARK [2][-]{subsection.1.6.8}{\376\377\000O\000b\000s\000t\000r\000u\000c\000c\000i\000\363\000n\000\040\000C\000e\000n\000t\000r\000a\000l}{section.1.6}% 22
\BOOKMARK [2][-]{subsection.1.6.9}{\376\377\000T\000i\000e\000m\000p\000o\000\040\000d\000e\000\040\000A\000c\000l\000i\000m\000a\000t\000a\000c\000i\000\363\000n\000\040\000T\000\351\000r\000m\000i\000c\000a}{section.1.6}% 23
\BOOKMARK [1][-]{section.1.7}{\376\377\000M\000o\000n\000t\000u\000r\000a\000s\000\040\000d\000e\000\040\000T\000e\000l\000e\000s\000c\000o\000p\000i\000o\000s}{chapter.1}% 24
\BOOKMARK [2][-]{subsection.1.7.1}{\376\377\000M\000o\000n\000t\000u\000r\000a\000\040\000A\000l\000t\000a\000z\000i\000m\000u\000t\000a\000l}{section.1.7}% 25
\BOOKMARK [2][-]{subsection.1.7.2}{\376\377\000M\000o\000n\000t\000u\000r\000a\000\040\000E\000c\000u\000a\000t\000o\000r\000i\000a\000l}{section.1.7}% 26
\BOOKMARK [2][-]{subsection.1.7.3}{\376\377\000M\000o\000n\000t\000u\000r\000a\000\040\000D\000o\000b\000s\000o\000n}{section.1.7}% 27
\BOOKMARK [1][-]{section.1.8}{\376\377\000G\000r\000a\000n\000d\000e\000s\000\040\000T\000e\000l\000e\000s\000c\000o\000p\000i\000o\000s\000\040\000y\000\040\000F\000u\000t\000u\000r\000o\000\040\000e\000n\000\040\000A\000s\000t\000r\000o\000n\000o\000m\000\355\000a}{chapter.1}% 28
\BOOKMARK [1][-]{section.1.9}{\376\377\000C\000o\000n\000s\000i\000d\000e\000r\000a\000c\000i\000o\000n\000e\000s\000\040\000p\000a\000r\000a\000\040\000l\000a\000\040\000E\000l\000e\000c\000c\000i\000\363\000n\000\040\000d\000e\000\040\000u\000n\000\040\000T\000e\000l\000e\000s\000c\000o\000p\000i\000o}{chapter.1}% 29
\BOOKMARK [0][-]{chapter.2}{\376\377\000S\000o\000l\000i\000d\000w\000o\000r\000k\000s\000\040\000-\000\040\000M\000o\000d\000e\000l\000a\000d\000o\000\040\000p\000o\000r\000\040\000C\000A\000D\000\040\000d\000e\000\040\000u\000n\000\040\000T\000e\000l\000e\000s\000c\000o\000p\000i\000o}{}% 30
\BOOKMARK [1][-]{section.2.1}{\376\377\000I\000n\000t\000r\000o\000d\000u\000c\000c\000i\000\363\000n\000\040\000a\000l\000\040\000D\000i\000s\000e\000\361\000o\000\040\000C\000A\000D}{chapter.2}% 31
\BOOKMARK [2][-]{subsection.2.1.1}{\376\377\000M\000e\000n\000t\000a\000l\000i\000d\000a\000d\000\040\000d\000e\000\040\000d\000i\000s\000e\000\361\000o\000\040\000C\000A\000D}{section.2.1}% 32
\BOOKMARK [2][-]{subsection.2.1.2}{\376\377\000I\000n\000t\000r\000o\000d\000u\000c\000c\000i\000\363\000n\000\040\000a\000\040\000S\000o\000l\000i\000d\000W\000o\000r\000k\000s\000\040\000y\000\040\000s\000o\000f\000t\000w\000a\000r\000e\000\040\000C\000A\000D\000\040\000s\000i\000m\000i\000l\000a\000r\000e\000s}{section.2.1}% 33
\BOOKMARK [1][-]{section.2.2}{\376\377\000P\000r\000i\000n\000c\000i\000p\000i\000o\000s\000\040\000G\000e\000o\000m\000\351\000t\000r\000i\000c\000o\000s\000\040\000B\000\341\000s\000i\000c\000o\000s}{chapter.2}% 34
\BOOKMARK [2][-]{subsection.2.2.1}{\376\377\000E\000l\000e\000m\000e\000n\000t\000o\000s\000\040\000b\000\341\000s\000i\000c\000o\000s}{section.2.2}% 35
\BOOKMARK [2][-]{subsection.2.2.2}{\376\377\000\301\000n\000g\000u\000l\000o\000s\000\040\000y\000\040\000t\000r\000i\000g\000o\000n\000o\000m\000e\000t\000r\000\355\000a\000\040\000b\000\341\000s\000i\000c\000a}{section.2.2}% 36
\BOOKMARK [2][-]{subsection.2.2.3}{\376\377\000R\000e\000s\000t\000r\000i\000c\000c\000i\000o\000n\000e\000s\000\040\000g\000e\000o\000m\000\351\000t\000r\000i\000c\000a\000s\000\040\000y\000\040\000t\000r\000a\000n\000s\000f\000o\000r\000m\000a\000c\000i\000o\000n\000e\000s}{section.2.2}% 37
\BOOKMARK [1][-]{section.2.3}{\376\377\000I\000n\000t\000e\000r\000f\000a\000z\000\040\000E\000s\000e\000n\000c\000i\000a\000l\000\040\000d\000e\000\040\000S\000o\000l\000i\000d\000W\000o\000r\000k\000s}{chapter.2}% 38
\BOOKMARK [2][-]{subsection.2.3.1}{\376\377\000H\000e\000r\000r\000a\000m\000i\000e\000n\000t\000a\000s\000\040\000b\000\341\000s\000i\000c\000a\000s\000\040\000d\000e\000\040\000i\000n\000t\000e\000r\000f\000a\000z}{section.2.3}% 39
\BOOKMARK [2][-]{subsection.2.3.2}{\376\377\000N\000a\000v\000e\000g\000a\000c\000i\000\363\000n\000\040\000b\000\341\000s\000i\000c\000a\000\040\000d\000e\000l\000\040\000m\000o\000d\000e\000l\000o}{section.2.3}% 40
\BOOKMARK [2][-]{subsection.2.3.3}{\376\377\000\301\000r\000b\000o\000l\000\040\000d\000e\000\040\000d\000i\000s\000e\000\361\000o\000\040\000\050\000F\000e\000a\000t\000u\000r\000e\000\040\000M\000a\000n\000a\000g\000e\000r\000\051}{section.2.3}% 41
\BOOKMARK [1][-]{section.2.4}{\376\377\000F\000l\000u\000j\000o\000\040\000d\000e\000\040\000T\000r\000a\000b\000a\000j\000o\000\040\000C\000A\000D\000\040\000p\000a\000r\000a\000\040\000T\000e\000l\000e\000s\000c\000o\000p\000i\000o\000s}{chapter.2}% 42
\BOOKMARK [2][-]{subsection.2.4.1}{\376\377\000D\000e\000f\000i\000n\000i\000c\000i\000\363\000n\000\040\000d\000e\000l\000\040\000p\000r\000o\000b\000l\000e\000m\000a\000\040\000d\000e\000\040\000d\000i\000s\000e\000\361\000o}{section.2.4}% 43
\BOOKMARK [2][-]{subsection.2.4.2}{\376\377\000D\000e\000s\000c\000o\000m\000p\000o\000s\000i\000c\000i\000\363\000n\000\040\000g\000e\000o\000m\000\351\000t\000r\000i\000c\000a\000\040\000d\000e\000l\000\040\000t\000e\000l\000e\000s\000c\000o\000p\000i\000o}{section.2.4}% 44
\BOOKMARK [2][-]{subsection.2.4.3}{\376\377\000C\000o\000n\000s\000t\000r\000u\000c\000c\000i\000\363\000n\000\040\000g\000r\000a\000d\000u\000a\000l\000\040\000d\000e\000l\000\040\000m\000o\000d\000e\000l\000o}{section.2.4}% 45
\BOOKMARK [1][-]{section.2.5}{\376\377\000B\000o\000c\000e\000t\000o\000s\000\040\0002\000D\000\040\000\050\000S\000k\000e\000t\000c\000h\000e\000s\000\051}{chapter.2}% 46
\BOOKMARK [2][-]{subsection.2.5.1}{\376\377\000C\000o\000n\000c\000e\000p\000t\000o\000s\000\040\000i\000n\000i\000c\000i\000a\000l\000e\000s}{section.2.5}% 47
\BOOKMARK [2][-]{subsection.2.5.2}{\376\377\000H\000e\000r\000r\000a\000m\000i\000e\000n\000t\000a\000s\000\040\000b\000\341\000s\000i\000c\000a\000s\000\040\000d\000e\000\040\000b\000o\000c\000e\000t\000o}{section.2.5}% 48
\BOOKMARK [2][-]{subsection.2.5.3}{\376\377\000R\000e\000l\000a\000c\000i\000o\000n\000e\000s\000\040\000g\000e\000o\000m\000\351\000t\000r\000i\000c\000a\000s\000\040\000e\000s\000e\000n\000c\000i\000a\000l\000e\000s}{section.2.5}% 49
\BOOKMARK [2][-]{subsection.2.5.4}{\376\377\000C\000o\000t\000a\000s\000\040\000i\000n\000t\000e\000l\000i\000g\000e\000n\000t\000e\000s}{section.2.5}% 50
\BOOKMARK [1][-]{section.2.6}{\376\377\000O\000p\000e\000r\000a\000c\000i\000o\000n\000e\000s\000\040\0003\000D\000\040\000F\000u\000n\000d\000a\000m\000e\000n\000t\000a\000l\000e\000s\000\040\000p\000a\000r\000a\000\040\000T\000e\000l\000e\000s\000c\000o\000p\000i\000o\000s}{chapter.2}% 51
\BOOKMARK [2][-]{subsection.2.6.1}{\376\377\000E\000x\000t\000r\000u\000s\000i\000o\000n\000e\000s\000\040\000b\000\341\000s\000i\000c\000a\000s}{section.2.6}% 52
\BOOKMARK [2][-]{subsection.2.6.2}{\376\377\000R\000e\000v\000o\000l\000u\000c\000i\000o\000n\000e\000s\000\040\000b\000\341\000s\000i\000c\000a\000s}{section.2.6}% 53
\BOOKMARK [2][-]{subsection.2.6.3}{\376\377\000O\000p\000e\000r\000a\000c\000i\000o\000n\000e\000s\000\040\000d\000e\000\040\000c\000o\000r\000t\000e}{section.2.6}% 54
\BOOKMARK [2][-]{subsection.2.6.4}{\376\377\000R\000e\000d\000o\000n\000d\000e\000o\000s\000\040\000y\000\040\000c\000h\000a\000f\000l\000a\000n\000e\000s}{section.2.6}% 55
\BOOKMARK [2][-]{subsection.2.6.5}{\376\377\000P\000a\000t\000r\000o\000n\000e\000s\000\040\000c\000i\000r\000c\000u\000l\000a\000r\000e\000s\000\040\000y\000\040\000l\000i\000n\000e\000a\000l\000e\000s}{section.2.6}% 56
\BOOKMARK [1][-]{section.2.7}{\376\377\000E\000n\000s\000a\000m\000b\000l\000a\000j\000e\000s\000\040\000B\000\341\000s\000i\000c\000o\000s\000\040\000d\000e\000\040\000T\000e\000l\000e\000s\000c\000o\000p\000i\000o\000s}{chapter.2}% 57
\BOOKMARK [2][-]{subsection.2.7.1}{\376\377\000I\000n\000s\000e\000r\000c\000i\000\363\000n\000\040\000y\000\040\000p\000o\000s\000i\000c\000i\000o\000n\000a\000m\000i\000e\000n\000t\000o\000\040\000d\000e\000\040\000p\000i\000e\000z\000a\000s}{section.2.7}% 58
\BOOKMARK [2][-]{subsection.2.7.2}{\376\377\000E\000j\000e\000m\000p\000l\000o\000\040\000d\000e\000\040\000e\000n\000s\000a\000m\000b\000l\000a\000j\000e}{section.2.7}% 59
\BOOKMARK [2][-]{subsection.2.7.3}{\376\377\000A\000c\000o\000t\000a\000d\000o\000\040\000d\000e\000\040\000p\000i\000e\000z\000a\000s}{section.2.7}% 60
\BOOKMARK [2][-]{subsection.2.7.4}{\376\377\000E\000x\000p\000o\000r\000t\000a\000c\000i\000\363\000n}{section.2.7}% 61
\BOOKMARK [1][-]{section.2.8}{\376\377\000C\000o\000n\000s\000e\000j\000o\000s\000\040\000p\000a\000r\000a\000\040\000F\000a\000b\000r\000i\000c\000a\000c\000i\000\363\000n\000\040\000c\000o\000n\000\040\000I\000m\000p\000r\000e\000s\000i\000\363\000n\000\040\0003\000D}{chapter.2}% 62
\BOOKMARK [2][-]{subsection.2.8.1}{\376\377\000P\000r\000e\000p\000a\000r\000a\000c\000i\000\363\000n\000\040\000d\000e\000l\000\040\000m\000o\000d\000e\000l\000o}{section.2.8}% 63
\BOOKMARK [2][-]{subsection.2.8.2}{\376\377\000A\000l\000t\000e\000r\000n\000a\000t\000i\000v\000a\000s\000\040\000p\000r\000\341\000c\000t\000i\000c\000a\000s}{section.2.8}% 64
\BOOKMARK [2][-]{subsection.2.8.3}{\376\377\000E\000x\000p\000o\000r\000t\000a\000c\000i\000\363\000n\000\040\000a\000\040\000S\000T\000L}{section.2.8}% 65
\BOOKMARK [1][-]{section.2.9}{\376\377\000P\000r\000e\000g\000u\000n\000t\000a\000s\000\040\000y\000\040\000R\000e\000v\000i\000s\000i\000\363\000n\000\040\000F\000i\000n\000a\000l}{chapter.2}% 66
\BOOKMARK [0][-]{chapter.3}{\376\377\000I\000m\000p\000r\000e\000s\000i\000o\000n\000\040\0003\000D\000\040\000-\000\040\000S\000l\000i\000c\000e\000r}{}% 67
\BOOKMARK [0][-]{chapter.4}{\376\377\000H\000e\000r\000r\000a\000m\000i\000e\000n\000t\000a\000s\000\040\000e\000x\000t\000r\000a\000\040\000-\000\040\000S\000o\000l\000i\000d\000w\000o\000r\000k\000s}{}% 68
\BOOKMARK [1][-]{section.4.1}{\376\377\000O\000p\000c\000i\000o\000n\000e\000s\000\040\000A\000v\000a\000n\000z\000a\000d\000a\000s\000\040\000e\000n\000\040\000S\000o\000l\000i\000d\000W\000o\000r\000k\000s}{chapter.4}% 69
\BOOKMARK [1][-]{section.4.2}{\376\377\000C\000h\000a\000p\000a\000\040\000M\000e\000t\000\341\000l\000i\000c\000a\000\040\000\050\000S\000h\000e\000e\000t\000\040\000M\000e\000t\000a\000l\000\051}{chapter.4}% 70
\BOOKMARK [2][-]{subsection.4.2.1}{\376\377\000I\000n\000t\000r\000o\000d\000u\000c\000c\000i\000\363\000n\000\040\000a\000\040\000c\000h\000a\000p\000a\000\040\000m\000e\000t\000\341\000l\000i\000c\000a}{section.4.2}% 71
\BOOKMARK [2][-]{subsection.4.2.2}{\376\377\000O\000p\000e\000r\000a\000c\000i\000o\000n\000e\000s\000\040\000b\000\341\000s\000i\000c\000a\000s\000\040\000e\000n\000\040\000c\000h\000a\000p\000a\000\040\000m\000e\000t\000\341\000l\000i\000c\000a}{section.4.2}% 72
\BOOKMARK [2][-]{subsection.4.2.3}{\376\377\000D\000e\000s\000p\000l\000e\000g\000a\000d\000o\000\040\000y\000\040\000p\000r\000e\000p\000a\000r\000a\000c\000i\000\363\000n\000\040\000p\000a\000r\000a\000\040\000f\000a\000b\000r\000i\000c\000a\000c\000i\000\363\000n}{section.4.2}% 73
\BOOKMARK [2][-]{subsection.4.2.4}{\376\377\000E\000x\000p\000o\000r\000t\000a\000c\000i\000\363\000n\000\040\000p\000a\000r\000a\000\040\000c\000o\000r\000t\000e\000\040\000l\000\341\000s\000e\000r\000\040\000o\000\040\000C\000N\000C}{section.4.2}% 74
\BOOKMARK [1][-]{section.4.3}{\376\377\000C\000r\000e\000a\000c\000i\000\363\000n\000\040\000d\000e\000\040\000P\000l\000a\000n\000o\000s\000\040\000p\000a\000r\000a\000\040\000C\000o\000r\000t\000e\000\040\000L\000\341\000s\000e\000r}{chapter.4}% 75
\BOOKMARK [2][-]{subsection.4.3.1}{\376\377\000P\000r\000e\000p\000a\000r\000a\000c\000i\000\363\000n\000\040\000d\000e\000l\000\040\000m\000o\000d\000e\000l\000o}{section.4.3}% 76
\BOOKMARK [2][-]{subsection.4.3.2}{\376\377\000G\000e\000n\000e\000r\000a\000c\000i\000\363\000n\000\040\000d\000e\000\040\000p\000l\000a\000n\000o\000s\000\040\000e\000s\000p\000e\000c\000\355\000f\000i\000c\000o\000s\000\040\000p\000a\000r\000a\000\040\000c\000o\000r\000t\000e\000/\000a\000r\000m\000a\000d\000o}{section.4.3}% 77
\BOOKMARK [2][-]{subsection.4.3.3}{\376\377\000E\000x\000p\000o\000r\000t\000a\000c\000i\000\363\000n\000\040\000e\000n\000\040\000f\000o\000r\000m\000a\000t\000o\000s\000\040\000c\000o\000m\000p\000a\000t\000i\000b\000l\000e\000s}{section.4.3}% 78
\BOOKMARK [1][-]{section.4.4}{\376\377\000S\000i\000m\000u\000l\000a\000c\000i\000\363\000n\000\040\000d\000e\000\040\000P\000a\000r\000t\000\355\000c\000u\000l\000a\000s\000\040\000\050\000F\000l\000o\000w\000\040\000S\000i\000m\000u\000l\000a\000t\000i\000o\000n\000\051}{chapter.4}% 79
\BOOKMARK [2][-]{subsection.4.4.1}{\376\377\000C\000o\000n\000c\000e\000p\000t\000o\000s\000\040\000b\000\341\000s\000i\000c\000o\000s}{section.4.4}% 80
\BOOKMARK [2][-]{subsection.4.4.2}{\376\377\000I\000n\000t\000e\000r\000p\000r\000e\000t\000a\000c\000i\000\363\000n\000\040\000b\000\341\000s\000i\000c\000a\000\040\000d\000e\000\040\000r\000e\000s\000u\000l\000t\000a\000d\000o\000s}{section.4.4}% 81
\BOOKMARK [1][-]{section.4.5}{\376\377\000A\000n\000\341\000l\000i\000s\000i\000s\000\040\000p\000o\000r\000\040\000E\000l\000e\000m\000e\000n\000t\000o\000s\000\040\000F\000i\000n\000i\000t\000o\000s\000\040\000\050\000F\000E\000A\000\051}{chapter.4}% 82
\BOOKMARK [2][-]{subsection.4.5.1}{\376\377\000C\000o\000n\000c\000e\000p\000t\000o\000s\000\040\000i\000n\000i\000c\000i\000a\000l\000e\000s}{section.4.5}% 83
\BOOKMARK [2][-]{subsection.4.5.2}{\376\377\000P\000a\000s\000o\000s\000\040\000p\000a\000r\000a\000\040\000c\000r\000e\000a\000r\000\040\000u\000n\000\040\000e\000s\000t\000u\000d\000i\000o\000\040\000F\000E\000A}{section.4.5}% 84
\BOOKMARK [2][-]{subsection.4.5.3}{\376\377\000I\000n\000t\000e\000r\000p\000r\000e\000t\000a\000c\000i\000\363\000n\000\040\000d\000e\000\040\000r\000e\000s\000u\000l\000t\000a\000d\000o\000s}{section.4.5}% 85
\BOOKMARK [2][-]{subsection.4.5.4}{\376\377\000C\000o\000n\000s\000e\000j\000o\000s\000\040\000p\000r\000\341\000c\000t\000i\000c\000o\000s}{section.4.5}% 86
\BOOKMARK [1][-]{section.4.6}{\376\377\000A\000n\000i\000m\000a\000c\000i\000o\000n\000e\000s\000\040\000e\000n\000\040\000S\000o\000l\000i\000d\000W\000o\000r\000k\000s}{chapter.4}% 87
\BOOKMARK [2][-]{subsection.4.6.1}{\376\377\000A\000n\000i\000m\000a\000c\000i\000o\000n\000e\000s\000\040\000b\000\341\000s\000i\000c\000a\000s}{section.4.6}% 88
\BOOKMARK [2][-]{subsection.4.6.2}{\376\377\000A\000n\000i\000m\000a\000c\000i\000\363\000n\000\040\000d\000e\000\040\000e\000n\000s\000a\000m\000b\000l\000a\000j\000e\000s}{section.4.6}% 89
\BOOKMARK [2][-]{subsection.4.6.3}{\376\377\000E\000x\000p\000o\000r\000t\000a\000r\000\040\000a\000n\000i\000m\000a\000c\000i\000o\000n\000e\000s}{section.4.6}% 90
\BOOKMARK [1][-]{section.4.7}{\376\377\000R\000e\000c\000o\000m\000e\000n\000d\000a\000c\000i\000o\000n\000e\000s\000\040\000p\000a\000r\000a\000\040\000P\000r\000o\000f\000u\000n\000d\000i\000z\000a\000r}{chapter.4}% 91
\BOOKMARK [0][-]{appendix*.61}{\376\377\000A\000n\000e\000x\000o\000\040\000d\000e\000\040\000M\000a\000t\000e\000m\000\341\000t\000i\000c\000a\000s}{}% 92
\BOOKMARK [0][-]{appendix*.63}{\376\377\000L\000i\000s\000t\000a\000\040\000d\000e\000\040\000H\000e\000r\000r\000a\000m\000i\000e\000n\000t\000a\000s}{}% 93
\BOOKMARK [1][-]{section.Alph0.1}{\376\377\000I\000m\000p\000r\000e\000s\000o\000r\000a\000s\000\040\0003\000D}{appendix*.63}% 94
\BOOKMARK [1][-]{section.Alph0.2}{\376\377\000C\000o\000r\000t\000a\000d\000o\000r\000a\000\040\000l\000a\000s\000e\000r}{appendix*.63}% 95
\BOOKMARK [1][-]{section.Alph0.3}{\376\377\000C\000N\000C}{appendix*.63}% 96
\BOOKMARK [0][-]{appendix*.64}{\376\377\000D\000i\000a\000g\000r\000a\000m\000a\000s\000\040\000T\000\351\000c\000n\000i\000c\000o\000s}{}% 97
\BOOKMARK [1][-]{section.Alph0.4}{\376\377\000M\000o\000d\000e\000l\000a\000d\000o\000s\000\040\000d\000e\000\040\000p\000r\000\341\000c\000t\000i\000c\000a}{appendix*.64}% 98
\BOOKMARK [1][-]{section.Alph0.5}{\376\377\000E\000n\000s\000a\000m\000b\000l\000e\000s}{appendix*.64}% 99
\BOOKMARK [1][-]{section.Alph0.6}{\376\377\000C\000o\000r\000t\000e\000\040\000L\000a\000s\000e\000r}{appendix*.64}% 100
\BOOKMARK [1][-]{section.Alph0.7}{\376\377\000P\000i\000e\000z\000a\000s}{appendix*.64}% 101
